<?xml version="1.0" encoding="UTF-8"?>
<!-- Generated by org.testng.reporters.JUnitXMLReporter -->
<testsuite hostname="Ehsanul" ignored="0" name="Default test" tests="6" failures="0" timestamp="22 Oct 2017 16:33:47 GMT" time="163.846" errors="0">
  <testcase name="SignIn" time="16.766" classname="Tests.rlTest"/>
  <testcase name="Shop1" time="24.684" classname="Tests.rlTest"/>
  <testcase name="Shop2" time="43.154" classname="Tests.rlTest"/>
  <testcase name="Checkout" time="14.282" classname="Tests.rlTest"/>
  <testcase name="CreditCardinfor" time="42.588" classname="Tests.rlTest"/>
  <testcase name="Logout" time="9.827" classname="Tests.rlTest"/>
</testsuite> <!-- Default test -->
