<?xml version="1.0" encoding="UTF-8"?>
<!-- Generated by org.testng.reporters.JUnitXMLReporter -->
<testsuite hostname="Ehsanul" ignored="0" name="Test" tests="6" failures="0" timestamp="23 Oct 2017 19:48:53 GMT" time="158.938" errors="0">
  <testcase name="SignIn" time="17.718" classname="Tests.rlTest"/>
  <testcase name="Shop1" time="21.92" classname="Tests.rlTest"/>
  <testcase name="Shop2" time="30.847" classname="Tests.rlTest"/>
  <testcase name="Checkout" time="14.703" classname="Tests.rlTest"/>
  <testcase name="CreditCardinfor" time="42.968" classname="Tests.rlTest"/>
  <testcase name="Logout" time="10.087" classname="Tests.rlTest"/>
</testsuite> <!-- Test -->
