<?xml version="1.0" encoding="UTF-8"?>
<!-- Generated by org.testng.reporters.JUnitXMLReporter -->
<testsuite hostname="Ehsanul" ignored="0" name="Test" tests="6" failures="0" timestamp="22 Oct 2017 16:45:43 GMT" time="152.424" errors="0">
  <testcase name="SignIn" time="19.63" classname="Tests.rlTest"/>
  <testcase name="Shop1" time="20.98" classname="Tests.rlTest"/>
  <testcase name="Shop2" time="30.189" classname="Tests.rlTest"/>
  <testcase name="Checkout" time="16.084" classname="Tests.rlTest"/>
  <testcase name="CreditCardinfor" time="42.238" classname="Tests.rlTest"/>
  <testcase name="Logout" time="10.197" classname="Tests.rlTest"/>
</testsuite> <!-- Test -->
