<?xml version="1.0" encoding="UTF-8"?>
<testng-results skipped="0" failed="0" ignored="0" total="6" passed="6">
  <reporter-output>
  </reporter-output>
  <suite name="Chrome Test Suite" duration-ms="158938" started-at="2017-10-23T19:46:14Z" finished-at="2017-10-23T19:48:53Z">
    <groups>
    </groups>
    <test name="Test" duration-ms="158938" started-at="2017-10-23T19:46:14Z" finished-at="2017-10-23T19:48:53Z">
      <class name="Tests.rlTest">
        <test-method status="PASS" signature="startBrowser()[pri:0, instance:Tests.rlTest@cd2dae5]" name="startBrowser" is-config="true" duration-ms="20656" started-at="2017-10-23T15:46:14Z" finished-at="2017-10-23T15:46:35Z">
          <reporter-output>
          </reporter-output>
        </test-method> <!-- startBrowser -->
        <test-method status="PASS" signature="SignIn()[pri:1, instance:Tests.rlTest@cd2dae5]" name="SignIn" duration-ms="17718" started-at="2017-10-23T15:46:35Z" finished-at="2017-10-23T15:46:52Z">
          <reporter-output>
          </reporter-output>
        </test-method> <!-- SignIn -->
        <test-method status="PASS" signature="Shop1()[pri:2, instance:Tests.rlTest@cd2dae5]" name="Shop1" duration-ms="21920" started-at="2017-10-23T15:46:52Z" finished-at="2017-10-23T15:47:14Z">
          <reporter-output>
          </reporter-output>
        </test-method> <!-- Shop1 -->
        <test-method status="PASS" signature="Shop2()[pri:3, instance:Tests.rlTest@cd2dae5]" name="Shop2" duration-ms="30847" started-at="2017-10-23T15:47:14Z" finished-at="2017-10-23T15:47:45Z">
          <reporter-output>
          </reporter-output>
        </test-method> <!-- Shop2 -->
        <test-method status="PASS" signature="Checkout()[pri:4, instance:Tests.rlTest@cd2dae5]" name="Checkout" duration-ms="14703" started-at="2017-10-23T15:47:45Z" finished-at="2017-10-23T15:48:00Z">
          <reporter-output>
          </reporter-output>
        </test-method> <!-- Checkout -->
        <test-method status="PASS" signature="CreditCardinfor()[pri:5, instance:Tests.rlTest@cd2dae5]" name="CreditCardinfor" duration-ms="42968" started-at="2017-10-23T15:48:00Z" finished-at="2017-10-23T15:48:43Z">
          <reporter-output>
          </reporter-output>
        </test-method> <!-- CreditCardinfor -->
        <test-method status="PASS" signature="Logout()[pri:6, instance:Tests.rlTest@cd2dae5]" name="Logout" duration-ms="10087" started-at="2017-10-23T15:48:43Z" finished-at="2017-10-23T15:48:53Z">
          <reporter-output>
          </reporter-output>
        </test-method> <!-- Logout -->
      </class> <!-- Tests.rlTest -->
    </test> <!-- Test -->
  </suite> <!-- Chrome Test Suite -->
</testng-results>
